2019-10-18 13:48:23 INFO [http-nio-9090-exec-2] m.h.a.s.AuthorizationService
                [AuthorizationService.java:75] The request headers ClientId union:bank:stp:new:account: PublicKey : union:bank:oauth2:auth:server Token c64528ef-61c4-4200-90bf-e0b7f156b2db 
2019-10-18 13:48:24 INFO [http-nio-9090-exec-3] m.h.a.s.AuthorizationService
                [AuthorizationService.java:75] The request headers ClientId union:bank:stp:new:account: PublicKey : union:bank:oauth2:auth:server Token c64528ef-61c4-4200-90bf-e0b7f156b2db 
2019-10-18 13:48:24 INFO [http-nio-9090-exec-3] m.h.a.c.CommonController
                [CommonController.java:70] <202,Response(statusCode=00, statusMessage=Token is valid, data=null),[]>
2019-10-18 13:48:44 INFO [http-nio-9090-exec-5] m.h.a.s.AuthorizationService
                [AuthorizationService.java:75] The request headers ClientId union:bank:stp:new:account: PublicKey : union:bank:oauth2:auth:server Token c64528ef-61c4-4200-90bf-e0b7f156b2db 
2019-10-18 13:48:44 INFO [http-nio-9090-exec-6] m.h.a.s.AuthorizationService
                [AuthorizationService.java:75] The request headers ClientId union:bank:stp:new:account: PublicKey : union:bank:oauth2:auth:server Token c64528ef-61c4-4200-90bf-e0b7f156b2db 
2019-10-18 13:48:44 INFO [http-nio-9090-exec-7] m.h.a.s.AuthorizationService
                [AuthorizationService.java:75] The request headers ClientId union:bank:stp:new:account: PublicKey : union:bank:oauth2:auth:server Token c64528ef-61c4-4200-90bf-e0b7f156b2db 
2019-10-18 13:48:44 INFO [http-nio-9090-exec-7] m.h.a.s.CommonService
                [CommonService.java:97] Sending otp to bvn email 07069659979 OTP 190398
2019-10-18 13:48:46 ERROR [http-nio-9090-exec-7] m.h.a.c.e.SendEmailNotifications
                [SendEmailNotifications.java:47] An error Occured while sending mail 
javax.mail.MessagingException: Could not convert socket to TLS
	at com.sun.mail.smtp.SMTPTransport.startTLS(SMTPTransport.java:2155)
	at com.sun.mail.smtp.SMTPTransport.protocolConnect(SMTPTransport.java:752)
	at javax.mail.Service.connect(Service.java:388)
	at javax.mail.Service.connect(Service.java:246)
	at javax.mail.Service.connect(Service.java:195)
	at javax.mail.Transport.send0(Transport.java:254)
	at javax.mail.Transport.send(Transport.java:124)
	at market.henry.auth.config.email.email.EmailMessageService.sendMail(EmailMessageService.java:67)
	at market.henry.auth.config.email.SendEmailNotifications.send(SendEmailNotifications.java:45)
	at market.henry.auth.config.email.SendEmailNotifications.sendApprovalMail(SendEmailNotifications.java:40)
	at market.henry.auth.services.CommonService.sendEmail(CommonService.java:98)
	at market.henry.auth.services.CommonService.generateSecret(CommonService.java:65)
	at market.henry.auth.services.CommonService$$FastClassBySpringCGLIB$$6ab1b698.invoke(<generated>)
	at org.springframework.cglib.proxy.MethodProxy.invoke(MethodProxy.java:218)
	at org.springframework.aop.framework.CglibAopProxy$DynamicAdvisedInterceptor.intercept(CglibAopProxy.java:685)
	at market.henry.auth.services.CommonService$$EnhancerBySpringCGLIB$$4673d786.generateSecret(<generated>)
	at market.henry.auth.controller.CommonController.generateSecret(CommonController.java:46)
	at market.henry.auth.controller.CommonController$$FastClassBySpringCGLIB$$30d4ccdb.invoke(<generated>)
	at org.springframework.cglib.proxy.MethodProxy.invoke(MethodProxy.java:218)
	at org.springframework.aop.framework.CglibAopProxy$DynamicAdvisedInterceptor.intercept(CglibAopProxy.java:685)
	at market.henry.auth.controller.CommonController$$EnhancerBySpringCGLIB$$29841a07.generateSecret(<generated>)
	at sun.reflect.NativeMethodAccessorImpl.invoke0(Native Method)
	at sun.reflect.NativeMethodAccessorImpl.invoke(NativeMethodAccessorImpl.java:62)
	at sun.reflect.DelegatingMethodAccessorImpl.invoke(DelegatingMethodAccessorImpl.java:43)
	at java.lang.reflect.Method.invoke(Method.java:498)
	at org.springframework.web.method.support.InvocableHandlerMethod.doInvoke(InvocableHandlerMethod.java:190)
	at org.springframework.web.method.support.InvocableHandlerMethod.invokeForRequest(InvocableHandlerMethod.java:138)
	at org.springframework.web.servlet.mvc.method.annotation.ServletInvocableHandlerMethod.invokeAndHandle(ServletInvocableHandlerMethod.java:105)
	at org.springframework.web.servlet.mvc.method.annotation.RequestMappingHandlerAdapter.invokeHandlerMethod(RequestMappingHandlerAdapter.java:893)
	at org.springframework.web.servlet.mvc.method.annotation.RequestMappingHandlerAdapter.handleInternal(RequestMappingHandlerAdapter.java:798)
	at org.springframework.web.servlet.mvc.method.AbstractHandlerMethodAdapter.handle(AbstractHandlerMethodAdapter.java:87)
	at org.springframework.web.servlet.DispatcherServlet.doDispatch(DispatcherServlet.java:1040)
	at org.springframework.web.servlet.DispatcherServlet.doService(DispatcherServlet.java:943)
	at org.springframework.web.servlet.FrameworkServlet.processRequest(FrameworkServlet.java:1006)
	at org.springframework.web.servlet.FrameworkServlet.doGet(FrameworkServlet.java:898)
	at javax.servlet.http.HttpServlet.service(HttpServlet.java:634)
	at org.springframework.web.servlet.FrameworkServlet.service(FrameworkServlet.java:883)
	at javax.servlet.http.HttpServlet.service(HttpServlet.java:741)
	at org.apache.catalina.core.ApplicationFilterChain.internalDoFilter(ApplicationFilterChain.java:231)
	at org.apache.catalina.core.ApplicationFilterChain.doFilter(ApplicationFilterChain.java:166)
	at org.apache.tomcat.websocket.server.WsFilter.doFilter(WsFilter.java:53)
	at org.apache.catalina.core.ApplicationFilterChain.internalDoFilter(ApplicationFilterChain.java:193)
	at org.apache.catalina.core.ApplicationFilterChain.doFilter(ApplicationFilterChain.java:166)
	at org.springframework.boot.actuate.web.trace.servlet.HttpTraceFilter.doFilterInternal(HttpTraceFilter.java:88)
	at org.springframework.web.filter.OncePerRequestFilter.doFilter(OncePerRequestFilter.java:119)
	at org.apache.catalina.core.ApplicationFilterChain.internalDoFilter(ApplicationFilterChain.java:193)
	at org.apache.catalina.core.ApplicationFilterChain.doFilter(ApplicationFilterChain.java:166)
	at org.springframework.security.web.FilterChainProxy.doFilterInternal(FilterChainProxy.java:209)
	at org.springframework.security.web.FilterChainProxy.doFilter(FilterChainProxy.java:178)
	at org.springframework.web.filter.DelegatingFilterProxy.invokeDelegate(DelegatingFilterProxy.java:358)
	at org.springframework.web.filter.DelegatingFilterProxy.doFilter(DelegatingFilterProxy.java:271)
	at org.apache.catalina.core.ApplicationFilterChain.internalDoFilter(ApplicationFilterChain.java:193)
	at org.apache.catalina.core.ApplicationFilterChain.doFilter(ApplicationFilterChain.java:166)
	at org.springframework.web.filter.RequestContextFilter.doFilterInternal(RequestContextFilter.java:100)
	at org.springframework.web.filter.OncePerRequestFilter.doFilter(OncePerRequestFilter.java:119)
	at org.apache.catalina.core.ApplicationFilterChain.internalDoFilter(ApplicationFilterChain.java:193)
	at org.apache.catalina.core.ApplicationFilterChain.doFilter(ApplicationFilterChain.java:166)
	at org.springframework.web.filter.FormContentFilter.doFilterInternal(FormContentFilter.java:93)
	at org.springframework.web.filter.OncePerRequestFilter.doFilter(OncePerRequestFilter.java:119)
	at org.apache.catalina.core.ApplicationFilterChain.internalDoFilter(ApplicationFilterChain.java:193)
	at org.apache.catalina.core.ApplicationFilterChain.doFilter(ApplicationFilterChain.java:166)
	at org.springframework.web.filter.HiddenHttpMethodFilter.doFilterInternal(HiddenHttpMethodFilter.java:94)
	at org.springframework.web.filter.OncePerRequestFilter.doFilter(OncePerRequestFilter.java:119)
	at org.apache.catalina.core.ApplicationFilterChain.internalDoFilter(ApplicationFilterChain.java:193)
	at org.apache.catalina.core.ApplicationFilterChain.doFilter(ApplicationFilterChain.java:166)
	at org.springframework.boot.actuate.metrics.web.servlet.WebMvcMetricsFilter.filterAndRecordMetrics(WebMvcMetricsFilter.java:114)
	at org.springframework.boot.actuate.metrics.web.servlet.WebMvcMetricsFilter.doFilterInternal(WebMvcMetricsFilter.java:104)
	at org.springframework.web.filter.OncePerRequestFilter.doFilter(OncePerRequestFilter.java:119)
	at org.apache.catalina.core.ApplicationFilterChain.internalDoFilter(ApplicationFilterChain.java:193)
	at org.apache.catalina.core.ApplicationFilterChain.doFilter(ApplicationFilterChain.java:166)
	at org.springframework.web.filter.CharacterEncodingFilter.doFilterInternal(CharacterEncodingFilter.java:201)
	at org.springframework.web.filter.OncePerRequestFilter.doFilter(OncePerRequestFilter.java:119)
	at org.apache.catalina.core.ApplicationFilterChain.internalDoFilter(ApplicationFilterChain.java:193)
	at org.apache.catalina.core.ApplicationFilterChain.doFilter(ApplicationFilterChain.java:166)
	at org.apache.catalina.core.StandardWrapperValve.invoke(StandardWrapperValve.java:202)
	at org.apache.catalina.core.StandardContextValve.invoke(StandardContextValve.java:96)
	at org.apache.catalina.authenticator.AuthenticatorBase.invoke(AuthenticatorBase.java:526)
	at org.apache.catalina.core.StandardHostValve.invoke(StandardHostValve.java:139)
	at org.apache.catalina.valves.ErrorReportValve.invoke(ErrorReportValve.java:92)
	at org.apache.catalina.core.StandardEngineValve.invoke(StandardEngineValve.java:74)
	at org.apache.catalina.connector.CoyoteAdapter.service(CoyoteAdapter.java:343)
	at org.apache.coyote.http11.Http11Processor.service(Http11Processor.java:408)
	at org.apache.coyote.AbstractProcessorLight.process(AbstractProcessorLight.java:66)
	at org.apache.coyote.AbstractProtocol$ConnectionHandler.process(AbstractProtocol.java:860)
	at org.apache.tomcat.util.net.NioEndpoint$SocketProcessor.doRun(NioEndpoint.java:1589)
	at org.apache.tomcat.util.net.SocketProcessorBase.run(SocketProcessorBase.java:49)
	at java.util.concurrent.ThreadPoolExecutor.runWorker(ThreadPoolExecutor.java:1149)
	at java.util.concurrent.ThreadPoolExecutor$Worker.run(ThreadPoolExecutor.java:624)
	at org.apache.tomcat.util.threads.TaskThread$WrappingRunnable.run(TaskThread.java:61)
	at java.lang.Thread.run(Thread.java:748)
Caused by: javax.net.ssl.SSLHandshakeException: sun.security.validator.ValidatorException: PKIX path building failed: sun.security.provider.certpath.SunCertPathBuilderException: unable to find valid certification path to requested target
	at sun.security.ssl.Alerts.getSSLException(Alerts.java:192)
	at sun.security.ssl.SSLSocketImpl.fatal(SSLSocketImpl.java:1946)
	at sun.security.ssl.Handshaker.fatalSE(Handshaker.java:316)
	at sun.security.ssl.Handshaker.fatalSE(Handshaker.java:310)
	at sun.security.ssl.ClientHandshaker.serverCertificate(ClientHandshaker.java:1639)
	at sun.security.ssl.ClientHandshaker.processMessage(ClientHandshaker.java:223)
	at sun.security.ssl.Handshaker.processLoop(Handshaker.java:1037)
	at sun.security.ssl.Handshaker.process_record(Handshaker.java:965)
	at sun.security.ssl.SSLSocketImpl.readRecord(SSLSocketImpl.java:1064)
	at sun.security.ssl.SSLSocketImpl.performInitialHandshake(SSLSocketImpl.java:1367)
	at sun.security.ssl.SSLSocketImpl.startHandshake(SSLSocketImpl.java:1395)
	at sun.security.ssl.SSLSocketImpl.startHandshake(SSLSocketImpl.java:1379)
	at com.sun.mail.util.SocketFetcher.configureSSLSocket(SocketFetcher.java:626)
	at com.sun.mail.util.SocketFetcher.startTLS(SocketFetcher.java:553)
	at com.sun.mail.smtp.SMTPTransport.startTLS(SMTPTransport.java:2150)
	... 89 common frames omitted
Caused by: sun.security.validator.ValidatorException: PKIX path building failed: sun.security.provider.certpath.SunCertPathBuilderException: unable to find valid certification path to requested target
	at sun.security.validator.PKIXValidator.doBuild(PKIXValidator.java:397)
	at sun.security.validator.PKIXValidator.engineValidate(PKIXValidator.java:302)
	at sun.security.validator.Validator.validate(Validator.java:262)
	at sun.security.ssl.X509TrustManagerImpl.validate(X509TrustManagerImpl.java:324)
	at sun.security.ssl.X509TrustManagerImpl.checkTrusted(X509TrustManagerImpl.java:229)
	at sun.security.ssl.X509TrustManagerImpl.checkServerTrusted(X509TrustManagerImpl.java:124)
	at sun.security.ssl.ClientHandshaker.serverCertificate(ClientHandshaker.java:1621)
	... 99 common frames omitted
Caused by: sun.security.provider.certpath.SunCertPathBuilderException: unable to find valid certification path to requested target
	at sun.security.provider.certpath.SunCertPathBuilder.build(SunCertPathBuilder.java:141)
	at sun.security.provider.certpath.SunCertPathBuilder.engineBuild(SunCertPathBuilder.java:126)
	at java.security.cert.CertPathBuilder.build(CertPathBuilder.java:280)
	at sun.security.validator.PKIXValidator.doBuild(PKIXValidator.java:392)
	... 105 common frames omitted
2019-10-18 13:48:46 INFO [http-nio-9090-exec-7] m.h.a.c.CommonController
                [CommonController.java:47] <202,Response(statusCode=00, statusMessage=Successful request, data=190398),[]>
2019-10-18 13:49:04 INFO [http-nio-9090-exec-8] m.h.a.s.AuthorizationService
                [AuthorizationService.java:75] The request headers ClientId union:bank:stp:new:account: PublicKey : union:bank:oauth2:auth:server Token c64528ef-61c4-4200-90bf-e0b7f156b2db 
2019-10-18 13:49:04 INFO [http-nio-9090-exec-9] m.h.a.s.AuthorizationService
                [AuthorizationService.java:75] The request headers ClientId union:bank:stp:new:account: PublicKey : union:bank:oauth2:auth:server Token c64528ef-61c4-4200-90bf-e0b7f156b2db 
2019-10-18 13:49:04 INFO [http-nio-9090-exec-9] m.h.a.c.CommonController
                [CommonController.java:70] <202,Response(statusCode=00, statusMessage=Token is valid, data=null),[]>
2019-10-18 13:54:01 INFO [http-nio-9090-exec-10] m.h.a.s.AuthorizationService
                [AuthorizationService.java:75] The request headers ClientId union:bank:stp:new:account: PublicKey : union:bank:oauth2:auth:server Token c64528ef-61c4-4200-90bf-e0b7f156b2db 
2019-10-18 14:04:53 INFO [http-nio-9090-exec-1] m.h.a.s.AuthorizationService
                [AuthorizationService.java:75] The request headers ClientId union:bank:stp:new:account: PublicKey : union:bank:oauth2:auth:server Token c64528ef-61c4-4200-90bf-e0b7f156b2db 
2019-10-18 14:47:58 INFO [http-nio-9090-exec-3] m.h.a.s.AuthorizationService
                [AuthorizationService.java:75] The request headers ClientId union:bank:stp:new:account: PublicKey : union:bank:oauth2:auth:server Token c64528ef-61c4-4200-90bf-e0b7f156b2db 
2019-10-18 14:47:58 INFO [http-nio-9090-exec-3] m.h.a.s.AuthorizationService
                [AuthorizationService.java:59] No token found on the cache
2019-10-18 14:48:56 INFO [http-nio-9090-exec-4] m.h.a.s.AuthorizationService
                [AuthorizationService.java:75] The request headers ClientId union:bank:stp:new:account: PublicKey : union:bank:oauth2:auth:server Token c64528ef-61c4-4200-90bf-e0b7f156b2db 
2019-10-18 14:48:56 INFO [http-nio-9090-exec-4] m.h.a.s.AuthorizationService
                [AuthorizationService.java:59] No token found on the cache
2019-10-18 14:59:47 INFO [http-nio-9090-exec-7] m.h.a.s.AuthorizationService
                [AuthorizationService.java:75] The request headers ClientId union:bank:stp:new:account: PublicKey : union:bank:oauth2:auth:server Token da1ddbe8-0eb6-48c5-ae03-d01809189b04 
2019-10-18 15:01:56 INFO [http-nio-9090-exec-9] m.h.a.s.AuthorizationService
                [AuthorizationService.java:75] The request headers ClientId union:bank:stp:new:account: PublicKey : union:bank:oauth2:auth:server Token da1ddbe8-0eb6-48c5-ae03-d01809189b04 
2019-10-18 15:03:20 INFO [http-nio-9090-exec-1] m.h.a.s.AuthorizationService
                [AuthorizationService.java:75] The request headers ClientId union:bank:stp:new:account: PublicKey : union:bank:oauth2:auth:server Token da1ddbe8-0eb6-48c5-ae03-d01809189b04 
2019-10-18 15:03:20 INFO [http-nio-9090-exec-2] m.h.a.s.AuthorizationService
                [AuthorizationService.java:75] The request headers ClientId union:bank:stp:new:account: PublicKey : union:bank:oauth2:auth:server Token da1ddbe8-0eb6-48c5-ae03-d01809189b04 
2019-10-18 15:03:21 INFO [http-nio-9090-exec-3] m.h.a.s.AuthorizationService
                [AuthorizationService.java:75] The request headers ClientId union:bank:stp:new:account: PublicKey : union:bank:oauth2:auth:server Token da1ddbe8-0eb6-48c5-ae03-d01809189b04 
2019-10-18 15:03:21 INFO [http-nio-9090-exec-3] m.h.a.s.CommonService
                [CommonService.java:97] Sending otp to bvn email 07069659979 OTP 200549
2019-10-18 15:03:21 ERROR [http-nio-9090-exec-3] m.h.a.c.e.SendEmailNotifications
                [SendEmailNotifications.java:47] An error Occured while sending mail 
javax.mail.MessagingException: Could not convert socket to TLS
	at com.sun.mail.smtp.SMTPTransport.startTLS(SMTPTransport.java:2155)
	at com.sun.mail.smtp.SMTPTransport.protocolConnect(SMTPTransport.java:752)
	at javax.mail.Service.connect(Service.java:388)
	at javax.mail.Service.connect(Service.java:246)
	at javax.mail.Service.connect(Service.java:195)
	at javax.mail.Transport.send0(Transport.java:254)
	at javax.mail.Transport.send(Transport.java:124)
	at market.henry.auth.config.email.email.EmailMessageService.sendMail(EmailMessageService.java:67)
	at market.henry.auth.config.email.SendEmailNotifications.send(SendEmailNotifications.java:45)
	at market.henry.auth.config.email.SendEmailNotifications.sendApprovalMail(SendEmailNotifications.java:40)
	at market.henry.auth.services.CommonService.sendEmail(CommonService.java:98)
	at market.henry.auth.services.CommonService.generateSecret(CommonService.java:65)
	at market.henry.auth.services.CommonService$$FastClassBySpringCGLIB$$6ab1b698.invoke(<generated>)
	at org.springframework.cglib.proxy.MethodProxy.invoke(MethodProxy.java:218)
	at org.springframework.aop.framework.CglibAopProxy$DynamicAdvisedInterceptor.intercept(CglibAopProxy.java:685)
	at market.henry.auth.services.CommonService$$EnhancerBySpringCGLIB$$4673d786.generateSecret(<generated>)
	at market.henry.auth.controller.CommonController.generateSecret(CommonController.java:46)
	at market.henry.auth.controller.CommonController$$FastClassBySpringCGLIB$$30d4ccdb.invoke(<generated>)
	at org.springframework.cglib.proxy.MethodProxy.invoke(MethodProxy.java:218)
	at org.springframework.aop.framework.CglibAopProxy$DynamicAdvisedInterceptor.intercept(CglibAopProxy.java:685)
	at market.henry.auth.controller.CommonController$$EnhancerBySpringCGLIB$$29841a07.generateSecret(<generated>)
	at sun.reflect.NativeMethodAccessorImpl.invoke0(Native Method)
	at sun.reflect.NativeMethodAccessorImpl.invoke(NativeMethodAccessorImpl.java:62)
	at sun.reflect.DelegatingMethodAccessorImpl.invoke(DelegatingMethodAccessorImpl.java:43)
	at java.lang.reflect.Method.invoke(Method.java:498)
	at org.springframework.web.method.support.InvocableHandlerMethod.doInvoke(InvocableHandlerMethod.java:190)
	at org.springframework.web.method.support.InvocableHandlerMethod.invokeForRequest(InvocableHandlerMethod.java:138)
	at org.springframework.web.servlet.mvc.method.annotation.ServletInvocableHandlerMethod.invokeAndHandle(ServletInvocableHandlerMethod.java:105)
	at org.springframework.web.servlet.mvc.method.annotation.RequestMappingHandlerAdapter.invokeHandlerMethod(RequestMappingHandlerAdapter.java:893)
	at org.springframework.web.servlet.mvc.method.annotation.RequestMappingHandlerAdapter.handleInternal(RequestMappingHandlerAdapter.java:798)
	at org.springframework.web.servlet.mvc.method.AbstractHandlerMethodAdapter.handle(AbstractHandlerMethodAdapter.java:87)
	at org.springframework.web.servlet.DispatcherServlet.doDispatch(DispatcherServlet.java:1040)
	at org.springframework.web.servlet.DispatcherServlet.doService(DispatcherServlet.java:943)
	at org.springframework.web.servlet.FrameworkServlet.processRequest(FrameworkServlet.java:1006)
	at org.springframework.web.servlet.FrameworkServlet.doGet(FrameworkServlet.java:898)
	at javax.servlet.http.HttpServlet.service(HttpServlet.java:634)
	at org.springframework.web.servlet.FrameworkServlet.service(FrameworkServlet.java:883)
	at javax.servlet.http.HttpServlet.service(HttpServlet.java:741)
	at org.apache.catalina.core.ApplicationFilterChain.internalDoFilter(ApplicationFilterChain.java:231)
	at org.apache.catalina.core.ApplicationFilterChain.doFilter(ApplicationFilterChain.java:166)
	at org.apache.tomcat.websocket.server.WsFilter.doFilter(WsFilter.java:53)
	at org.apache.catalina.core.ApplicationFilterChain.internalDoFilter(ApplicationFilterChain.java:193)
	at org.apache.catalina.core.ApplicationFilterChain.doFilter(ApplicationFilterChain.java:166)
	at org.springframework.boot.actuate.web.trace.servlet.HttpTraceFilter.doFilterInternal(HttpTraceFilter.java:88)
	at org.springframework.web.filter.OncePerRequestFilter.doFilter(OncePerRequestFilter.java:119)
	at org.apache.catalina.core.ApplicationFilterChain.internalDoFilter(ApplicationFilterChain.java:193)
	at org.apache.catalina.core.ApplicationFilterChain.doFilter(ApplicationFilterChain.java:166)
	at org.springframework.security.web.FilterChainProxy.doFilterInternal(FilterChainProxy.java:209)
	at org.springframework.security.web.FilterChainProxy.doFilter(FilterChainProxy.java:178)
	at org.springframework.web.filter.DelegatingFilterProxy.invokeDelegate(DelegatingFilterProxy.java:358)
	at org.springframework.web.filter.DelegatingFilterProxy.doFilter(DelegatingFilterProxy.java:271)
	at org.apache.catalina.core.ApplicationFilterChain.internalDoFilter(ApplicationFilterChain.java:193)
	at org.apache.catalina.core.ApplicationFilterChain.doFilter(ApplicationFilterChain.java:166)
	at org.springframework.web.filter.RequestContextFilter.doFilterInternal(RequestContextFilter.java:100)
	at org.springframework.web.filter.OncePerRequestFilter.doFilter(OncePerRequestFilter.java:119)
	at org.apache.catalina.core.ApplicationFilterChain.internalDoFilter(ApplicationFilterChain.java:193)
	at org.apache.catalina.core.ApplicationFilterChain.doFilter(ApplicationFilterChain.java:166)
	at org.springframework.web.filter.FormContentFilter.doFilterInternal(FormContentFilter.java:93)
	at org.springframework.web.filter.OncePerRequestFilter.doFilter(OncePerRequestFilter.java:119)
	at org.apache.catalina.core.ApplicationFilterChain.internalDoFilter(ApplicationFilterChain.java:193)
	at org.apache.catalina.core.ApplicationFilterChain.doFilter(ApplicationFilterChain.java:166)
	at org.springframework.web.filter.HiddenHttpMethodFilter.doFilterInternal(HiddenHttpMethodFilter.java:94)
	at org.springframework.web.filter.OncePerRequestFilter.doFilter(OncePerRequestFilter.java:119)
	at org.apache.catalina.core.ApplicationFilterChain.internalDoFilter(ApplicationFilterChain.java:193)
	at org.apache.catalina.core.ApplicationFilterChain.doFilter(ApplicationFilterChain.java:166)
	at org.springframework.boot.actuate.metrics.web.servlet.WebMvcMetricsFilter.filterAndRecordMetrics(WebMvcMetricsFilter.java:114)
	at org.springframework.boot.actuate.metrics.web.servlet.WebMvcMetricsFilter.doFilterInternal(WebMvcMetricsFilter.java:104)
	at org.springframework.web.filter.OncePerRequestFilter.doFilter(OncePerRequestFilter.java:119)
	at org.apache.catalina.core.ApplicationFilterChain.internalDoFilter(ApplicationFilterChain.java:193)
	at org.apache.catalina.core.ApplicationFilterChain.doFilter(ApplicationFilterChain.java:166)
	at org.springframework.web.filter.CharacterEncodingFilter.doFilterInternal(CharacterEncodingFilter.java:201)
	at org.springframework.web.filter.OncePerRequestFilter.doFilter(OncePerRequestFilter.java:119)
	at org.apache.catalina.core.ApplicationFilterChain.internalDoFilter(ApplicationFilterChain.java:193)
	at org.apache.catalina.core.ApplicationFilterChain.doFilter(ApplicationFilterChain.java:166)
	at org.apache.catalina.core.StandardWrapperValve.invoke(StandardWrapperValve.java:202)
	at org.apache.catalina.core.StandardContextValve.invoke(StandardContextValve.java:96)
	at org.apache.catalina.authenticator.AuthenticatorBase.invoke(AuthenticatorBase.java:526)
	at org.apache.catalina.core.StandardHostValve.invoke(StandardHostValve.java:139)
	at org.apache.catalina.valves.ErrorReportValve.invoke(ErrorReportValve.java:92)
	at org.apache.catalina.core.StandardEngineValve.invoke(StandardEngineValve.java:74)
	at org.apache.catalina.connector.CoyoteAdapter.service(CoyoteAdapter.java:343)
	at org.apache.coyote.http11.Http11Processor.service(Http11Processor.java:408)
	at org.apache.coyote.AbstractProcessorLight.process(AbstractProcessorLight.java:66)
	at org.apache.coyote.AbstractProtocol$ConnectionHandler.process(AbstractProtocol.java:860)
	at org.apache.tomcat.util.net.NioEndpoint$SocketProcessor.doRun(NioEndpoint.java:1589)
	at org.apache.tomcat.util.net.SocketProcessorBase.run(SocketProcessorBase.java:49)
	at java.util.concurrent.ThreadPoolExecutor.runWorker(ThreadPoolExecutor.java:1149)
	at java.util.concurrent.ThreadPoolExecutor$Worker.run(ThreadPoolExecutor.java:624)
	at org.apache.tomcat.util.threads.TaskThread$WrappingRunnable.run(TaskThread.java:61)
	at java.lang.Thread.run(Thread.java:748)
Caused by: javax.net.ssl.SSLHandshakeException: sun.security.validator.ValidatorException: PKIX path building failed: sun.security.provider.certpath.SunCertPathBuilderException: unable to find valid certification path to requested target
	at sun.security.ssl.Alerts.getSSLException(Alerts.java:192)
	at sun.security.ssl.SSLSocketImpl.fatal(SSLSocketImpl.java:1946)
	at sun.security.ssl.Handshaker.fatalSE(Handshaker.java:316)
	at sun.security.ssl.Handshaker.fatalSE(Handshaker.java:310)
	at sun.security.ssl.ClientHandshaker.serverCertificate(ClientHandshaker.java:1639)
	at sun.security.ssl.ClientHandshaker.processMessage(ClientHandshaker.java:223)
	at sun.security.ssl.Handshaker.processLoop(Handshaker.java:1037)
	at sun.security.ssl.Handshaker.process_record(Handshaker.java:965)
	at sun.security.ssl.SSLSocketImpl.readRecord(SSLSocketImpl.java:1064)
	at sun.security.ssl.SSLSocketImpl.performInitialHandshake(SSLSocketImpl.java:1367)
	at sun.security.ssl.SSLSocketImpl.startHandshake(SSLSocketImpl.java:1395)
	at sun.security.ssl.SSLSocketImpl.startHandshake(SSLSocketImpl.java:1379)
	at com.sun.mail.util.SocketFetcher.configureSSLSocket(SocketFetcher.java:626)
	at com.sun.mail.util.SocketFetcher.startTLS(SocketFetcher.java:553)
	at com.sun.mail.smtp.SMTPTransport.startTLS(SMTPTransport.java:2150)
	... 89 common frames omitted
Caused by: sun.security.validator.ValidatorException: PKIX path building failed: sun.security.provider.certpath.SunCertPathBuilderException: unable to find valid certification path to requested target
	at sun.security.validator.PKIXValidator.doBuild(PKIXValidator.java:397)
	at sun.security.validator.PKIXValidator.engineValidate(PKIXValidator.java:302)
	at sun.security.validator.Validator.validate(Validator.java:262)
	at sun.security.ssl.X509TrustManagerImpl.validate(X509TrustManagerImpl.java:324)
	at sun.security.ssl.X509TrustManagerImpl.checkTrusted(X509TrustManagerImpl.java:229)
	at sun.security.ssl.X509TrustManagerImpl.checkServerTrusted(X509TrustManagerImpl.java:124)
	at sun.security.ssl.ClientHandshaker.serverCertificate(ClientHandshaker.java:1621)
	... 99 common frames omitted
Caused by: sun.security.provider.certpath.SunCertPathBuilderException: unable to find valid certification path to requested target
	at sun.security.provider.certpath.SunCertPathBuilder.build(SunCertPathBuilder.java:141)
	at sun.security.provider.certpath.SunCertPathBuilder.engineBuild(SunCertPathBuilder.java:126)
	at java.security.cert.CertPathBuilder.build(CertPathBuilder.java:280)
	at sun.security.validator.PKIXValidator.doBuild(PKIXValidator.java:392)
	... 105 common frames omitted
2019-10-18 15:03:21 INFO [http-nio-9090-exec-3] m.h.a.c.CommonController
                [CommonController.java:47] <202,Response(statusCode=00, statusMessage=Successful request, data=200549),[]>
2019-10-18 15:03:53 INFO [http-nio-9090-exec-4] m.h.a.s.AuthorizationService
                [AuthorizationService.java:75] The request headers ClientId union:bank:stp:new:account: PublicKey : union:bank:oauth2:auth:server Token da1ddbe8-0eb6-48c5-ae03-d01809189b04 
2019-10-18 15:03:53 INFO [http-nio-9090-exec-5] m.h.a.s.AuthorizationService
                [AuthorizationService.java:75] The request headers ClientId union:bank:stp:new:account: PublicKey : union:bank:oauth2:auth:server Token da1ddbe8-0eb6-48c5-ae03-d01809189b04 
2019-10-18 15:03:53 INFO [http-nio-9090-exec-5] m.h.a.c.CommonController
                [CommonController.java:70] <202,Response(statusCode=00, statusMessage=Token is valid, data=null),[]>
2019-10-18 15:04:29 INFO [http-nio-9090-exec-6] m.h.a.s.AuthorizationService
                [AuthorizationService.java:75] The request headers ClientId union:bank:stp:new:account: PublicKey : union:bank:oauth2:auth:server Token da1ddbe8-0eb6-48c5-ae03-d01809189b04 
